<?xml version="1.0" encoding="UTF-8"?>
<!-- Generated by org.testng.reporters.JUnitReportReporter -->
<testsuite skipped="0" hostname="mindtree307" name="test.MFirstTest" tests="2" failures="0" timestamp="2020-07-14T14:55:35 IST" time="0.015" errors="0">
  <testcase name="second" time="0.000" classname="test.MFirstTest"/>
  <system-out/>
  <testcase name="first" time="0.015" classname="test.MFirstTest"/>
  <system-out/>
</testsuite> <!-- test.MFirstTest -->
