<?xml version="1.0" encoding="UTF-8"?>
<!-- Generated by org.testng.reporters.JUnitReportReporter -->
<testsuite skipped="0" hostname="mindtree307" name="test.MSecondTest" tests="2" failures="0" timestamp="2020-07-15T11:17:12 IST" time="0.011" errors="0">
  <testcase name="thrird" time="0.001" classname="test.MSecondTest"/>
  <system-out/>
  <testcase name="fourth" time="0.010" classname="test.MSecondTest"/>
  <system-out/>
</testsuite> <!-- test.MSecondTest -->
