<?xml version="1.0" encoding="UTF-8"?>
<!-- Generated by org.testng.reporters.JUnitReportReporter -->
<testsuite hostname="mindtree307" failures="0" tests="2" name="test.MSecondTest" time="0.000" errors="0" timestamp="2020-07-14T18:01:42 IST" skipped="0">
  <testcase classname="test.MSecondTest" name="thrird" time="0.000"/>
  <system-out/>
  <testcase classname="test.MSecondTest" name="fourth" time="0.000"/>
  <system-out/>
</testsuite> <!-- test.MSecondTest -->
